  Enemy.cpp
D:\PackMan3-4a\2022_summerAteam\Enemy.cpp(225,33): warning C4244: '引数': 'double' から 'int' への変換です。データが失われる可能性があります。
D:\PackMan3-4a\2022_summerAteam\Enemy.cpp(225,23): warning C4244: '引数': 'double' から 'int' への変換です。データが失われる可能性があります。
D:\PackMan3-4a\2022_summerAteam\Enemy.cpp(226,33): warning C4244: '引数': 'double' から 'int' への変換です。データが失われる可能性があります。
D:\PackMan3-4a\2022_summerAteam\Enemy.cpp(226,23): warning C4244: '引数': 'double' から 'int' への変換です。データが失われる可能性があります。
D:\PackMan3-4a\2022_summerAteam\Enemy.cpp(228,33): warning C4244: '引数': 'double' から 'int' への変換です。データが失われる可能性があります。
D:\PackMan3-4a\2022_summerAteam\Enemy.cpp(228,23): warning C4244: '引数': 'double' から 'int' への変換です。データが失われる可能性があります。
D:\PackMan3-4a\2022_summerAteam\Enemy.cpp(229,33): warning C4244: '引数': 'double' から 'int' への変換です。データが失われる可能性があります。
D:\PackMan3-4a\2022_summerAteam\Enemy.cpp(229,23): warning C4244: '引数': 'double' から 'int' への変換です。データが失われる可能性があります。
D:\PackMan3-4a\2022_summerAteam\Enemy.cpp(232,33): warning C4244: '引数': 'double' から 'int' への変換です。データが失われる可能性があります。
D:\PackMan3-4a\2022_summerAteam\Enemy.cpp(232,23): warning C4244: '引数': 'double' から 'int' への変換です。データが失われる可能性があります。
D:\PackMan3-4a\2022_summerAteam\Enemy.cpp(233,33): warning C4244: '引数': 'double' から 'int' への変換です。データが失われる可能性があります。
D:\PackMan3-4a\2022_summerAteam\Enemy.cpp(233,23): warning C4244: '引数': 'double' から 'int' への変換です。データが失われる可能性があります。
D:\PackMan3-4a\2022_summerAteam\Enemy.cpp(235,33): warning C4244: '引数': 'double' から 'int' への変換です。データが失われる可能性があります。
D:\PackMan3-4a\2022_summerAteam\Enemy.cpp(235,23): warning C4244: '引数': 'double' から 'int' への変換です。データが失われる可能性があります。
D:\PackMan3-4a\2022_summerAteam\Enemy.cpp(236,33): warning C4244: '引数': 'double' から 'int' への変換です。データが失われる可能性があります。
D:\PackMan3-4a\2022_summerAteam\Enemy.cpp(236,23): warning C4244: '引数': 'double' から 'int' への変換です。データが失われる可能性があります。
D:\PackMan3-4a\2022_summerAteam\Enemy.cpp(240,33): warning C4244: '引数': 'double' から 'int' への変換です。データが失われる可能性があります。
D:\PackMan3-4a\2022_summerAteam\Enemy.cpp(240,23): warning C4244: '引数': 'double' から 'int' への変換です。データが失われる可能性があります。
D:\PackMan3-4a\2022_summerAteam\Enemy.cpp(242,33): warning C4244: '引数': 'double' から 'int' への変換です。データが失われる可能性があります。
D:\PackMan3-4a\2022_summerAteam\Enemy.cpp(242,23): warning C4244: '引数': 'double' から 'int' への変換です。データが失われる可能性があります。
D:\PackMan3-4a\2022_summerAteam\Enemy.cpp(244,33): warning C4244: '引数': 'double' から 'int' への変換です。データが失われる可能性があります。
D:\PackMan3-4a\2022_summerAteam\Enemy.cpp(244,23): warning C4244: '引数': 'double' から 'int' への変換です。データが失われる可能性があります。
D:\PackMan3-4a\2022_summerAteam\Enemy.cpp(246,33): warning C4244: '引数': 'double' から 'int' への変換です。データが失われる可能性があります。
D:\PackMan3-4a\2022_summerAteam\Enemy.cpp(246,23): warning C4244: '引数': 'double' から 'int' への変換です。データが失われる可能性があります。
D:\PackMan3-4a\2022_summerAteam\Enemy.cpp(264,13): warning C4244: '=': 'double' から 'float' への変換です。データが失われる可能性があります。
D:\PackMan3-4a\2022_summerAteam\Enemy.cpp(266,13): warning C4244: '=': 'double' から 'float' への変換です。データが失われる可能性があります。
D:\PackMan3-4a\2022_summerAteam\Enemy.cpp(273,43): warning C4244: '引数': 'double' から 'int' への変換です。データが失われる可能性があります。
D:\PackMan3-4a\2022_summerAteam\Enemy.cpp(273,33): warning C4244: '引数': 'double' から 'int' への変換です。データが失われる可能性があります。
D:\PackMan3-4a\2022_summerAteam\Enemy.cpp(273,23): warning C4244: '引数': 'float' から 'int' への変換です。データが失われる可能性があります。
D:\PackMan3-4a\2022_summerAteam\Enemy.cpp(273,15): warning C4244: '引数': 'float' から 'int' への変換です。データが失われる可能性があります。
D:\PackMan3-4a\2022_summerAteam\Enemy.cpp(604,13): warning C4244: '=': 'double' から 'float' への変換です。データが失われる可能性があります。
D:\PackMan3-4a\2022_summerAteam\Enemy.cpp(606,13): warning C4244: '=': 'double' から 'float' への変換です。データが失われる可能性があります。
D:\PackMan3-4a\2022_summerAteam\Enemy.cpp(613,49): warning C4244: '引数': 'double' から 'int' への変換です。データが失われる可能性があります。
D:\PackMan3-4a\2022_summerAteam\Enemy.cpp(613,39): warning C4244: '引数': 'double' から 'int' への変換です。データが失われる可能性があります。
D:\PackMan3-4a\2022_summerAteam\Enemy.cpp(1186,19): warning C4244: '=': 'double' から 'float' への変換です。データが失われる可能性があります。
D:\PackMan3-4a\2022_summerAteam\Enemy.cpp(1188,19): warning C4244: '=': 'double' から 'float' への変換です。データが失われる可能性があります。
D:\PackMan3-4a\2022_summerAteam\Enemy.cpp(1198,21): warning C4244: '引数': 'int' から 'float' への変換です。データが失われる可能性があります。
D:\PackMan3-4a\2022_summerAteam\Enemy.cpp(1198,7): warning C4244: '引数': 'int' から 'float' への変換です。データが失われる可能性があります。
D:\PackMan3-4a\2022_summerAteam\Enemy.cpp(1197,33): warning C4244: '引数': 'double' から 'float' への変換です。データが失われる可能性があります。
D:\PackMan3-4a\2022_summerAteam\Enemy.cpp(1197,23): warning C4244: '引数': 'double' から 'float' への変換です。データが失われる可能性があります。
D:\PackMan3-4a\2022_summerAteam\Enemy.cpp(1199,66): warning C4244: '引数': 'double' から 'int' への変換です。データが失われる可能性があります。
D:\PackMan3-4a\2022_summerAteam\Enemy.cpp(1199,56): warning C4244: '引数': 'double' から 'int' への変換です。データが失われる可能性があります。
D:\PackMan3-4a\2022_summerAteam\Enemy.cpp(1660,29): warning C4244: '=': 'double' から 'float' への変換です。データが失われる可能性があります。
D:\PackMan3-4a\2022_summerAteam\Enemy.cpp(1661,14): warning C4244: '=': 'double' から 'float' への変換です。データが失われる可能性があります。
D:\PackMan3-4a\2022_summerAteam\Enemy.cpp(1664,29): warning C4244: '=': 'double' から 'float' への変換です。データが失われる可能性があります。
D:\PackMan3-4a\2022_summerAteam\Enemy.cpp(1665,14): warning C4244: '=': 'double' から 'float' への変換です。データが失われる可能性があります。
D:\PackMan3-4a\2022_summerAteam\Enemy.cpp(1668,14): warning C4244: '=': 'double' から 'float' への変換です。データが失われる可能性があります。
D:\PackMan3-4a\2022_summerAteam\Enemy.cpp(1669,29): warning C4244: '=': 'double' から 'float' への変換です。データが失われる可能性があります。
D:\PackMan3-4a\2022_summerAteam\Enemy.cpp(1672,14): warning C4244: '=': 'double' から 'float' への変換です。データが失われる可能性があります。
D:\PackMan3-4a\2022_summerAteam\Enemy.cpp(1673,29): warning C4244: '=': 'double' から 'float' への変換です。データが失われる可能性があります。
D:\PackMan3-4a\2022_summerAteam\Enemy.cpp(1687,21): warning C4244: '引数': 'int' から 'float' への変換です。データが失われる可能性があります。
D:\PackMan3-4a\2022_summerAteam\Enemy.cpp(1687,7): warning C4244: '引数': 'int' から 'float' への変換です。データが失われる可能性があります。
D:\PackMan3-4a\2022_summerAteam\Enemy.cpp(1686,33): warning C4244: '引数': 'double' から 'float' への変換です。データが失われる可能性があります。
D:\PackMan3-4a\2022_summerAteam\Enemy.cpp(1686,23): warning C4244: '引数': 'double' から 'float' への変換です。データが失われる可能性があります。
D:\PackMan3-4a\2022_summerAteam\Enemy.cpp(1689,62): warning C4244: '引数': 'double' から 'int' への変換です。データが失われる可能性があります。
D:\PackMan3-4a\2022_summerAteam\Enemy.cpp(1689,52): warning C4244: '引数': 'double' から 'int' への変換です。データが失われる可能性があります。
D:\PackMan3-4a\2022_summerAteam\Enemy.cpp(1689,42): warning C4244: '引数': 'float' から 'int' への変換です。データが失われる可能性があります。
D:\PackMan3-4a\2022_summerAteam\Enemy.cpp(1689,22): warning C4244: '引数': 'float' から 'int' への変換です。データが失われる可能性があります。
D:\PackMan3-4a\2022_summerAteam\Enemy.cpp(1692,62): warning C4244: '引数': 'double' から 'int' への変換です。データが失われる可能性があります。
D:\PackMan3-4a\2022_summerAteam\Enemy.cpp(1692,52): warning C4244: '引数': 'double' から 'int' への変換です。データが失われる可能性があります。
D:\PackMan3-4a\2022_summerAteam\Enemy.cpp(1692,42): warning C4244: '引数': 'float' から 'int' への変換です。データが失われる可能性があります。
D:\PackMan3-4a\2022_summerAteam\Enemy.cpp(1692,22): warning C4244: '引数': 'float' から 'int' への変換です。データが失われる可能性があります。
D:\PackMan3-4a\2022_summerAteam\Enemy.cpp(1695,62): warning C4244: '引数': 'double' から 'int' への変換です。データが失われる可能性があります。
D:\PackMan3-4a\2022_summerAteam\Enemy.cpp(1695,52): warning C4244: '引数': 'double' から 'int' への変換です。データが失われる可能性があります。
D:\PackMan3-4a\2022_summerAteam\Enemy.cpp(1695,30): warning C4244: '引数': 'float' から 'int' への変換です。データが失われる可能性があります。
D:\PackMan3-4a\2022_summerAteam\Enemy.cpp(1695,19): warning C4244: '引数': 'float' から 'int' への変換です。データが失われる可能性があります。
D:\PackMan3-4a\2022_summerAteam\Enemy.cpp(1698,62): warning C4244: '引数': 'double' から 'int' への変換です。データが失われる可能性があります。
D:\PackMan3-4a\2022_summerAteam\Enemy.cpp(1698,52): warning C4244: '引数': 'double' から 'int' への変換です。データが失われる可能性があります。
D:\PackMan3-4a\2022_summerAteam\Enemy.cpp(1698,30): warning C4244: '引数': 'float' から 'int' への変換です。データが失われる可能性があります。
D:\PackMan3-4a\2022_summerAteam\Enemy.cpp(1698,19): warning C4244: '引数': 'float' から 'int' への変換です。データが失われる可能性があります。
D:\PackMan3-4a\2022_summerAteam\Enemy.cpp(2017,92): warning C4244: '引数': 'int' から 'float' への変換です。データが失われる可能性があります。
D:\PackMan3-4a\2022_summerAteam\Enemy.cpp(2017,74): warning C4244: '引数': 'int' から 'float' への変換です。データが失われる可能性があります。
D:\PackMan3-4a\2022_summerAteam\Enemy.cpp(2017,57): warning C4244: '引数': 'double' から 'float' への変換です。データが失われる可能性があります。
D:\PackMan3-4a\2022_summerAteam\Enemy.cpp(2017,47): warning C4244: '引数': 'double' から 'float' への変換です。データが失われる可能性があります。
D:\PackMan3-4a\2022_summerAteam\Enemy.cpp(2017,37): warning C4244: '引数': 'double' から 'float' への変換です。データが失われる可能性があります。
D:\PackMan3-4a\2022_summerAteam\Enemy.cpp(2017,26): warning C4244: '引数': 'double' から 'float' への変換です。データが失われる可能性があります。
D:\PackMan3-4a\2022_summerAteam\Enemy.cpp(2032,92): warning C4244: '引数': 'int' から 'float' への変換です。データが失われる可能性があります。
D:\PackMan3-4a\2022_summerAteam\Enemy.cpp(2032,74): warning C4244: '引数': 'int' から 'float' への変換です。データが失われる可能性があります。
D:\PackMan3-4a\2022_summerAteam\Enemy.cpp(2032,57): warning C4244: '引数': 'double' から 'float' への変換です。データが失われる可能性があります。
D:\PackMan3-4a\2022_summerAteam\Enemy.cpp(2032,47): warning C4244: '引数': 'double' から 'float' への変換です。データが失われる可能性があります。
D:\PackMan3-4a\2022_summerAteam\Enemy.cpp(2032,37): warning C4244: '引数': 'double' から 'float' への変換です。データが失われる可能性があります。
D:\PackMan3-4a\2022_summerAteam\Enemy.cpp(2032,26): warning C4244: '引数': 'double' から 'float' への変換です。データが失われる可能性があります。
D:\PackMan3-4a\2022_summerAteam\Enemy.cpp(2064,13): warning C4244: '=': 'double' から 'float' への変換です。データが失われる可能性があります。
D:\PackMan3-4a\2022_summerAteam\Enemy.cpp(2066,13): warning C4244: '=': 'double' から 'float' への変換です。データが失われる可能性があります。
D:\PackMan3-4a\2022_summerAteam\Enemy.cpp(2478,13): warning C4244: '=': 'double' から 'float' への変換です。データが失われる可能性があります。
D:\PackMan3-4a\2022_summerAteam\Enemy.cpp(2480,13): warning C4244: '=': 'double' から 'float' への変換です。データが失われる可能性があります。
D:\PackMan3-4a\2022_summerAteam\Enemy.cpp(2487,43): warning C4244: '引数': 'double' から 'int' への変換です。データが失われる可能性があります。
D:\PackMan3-4a\2022_summerAteam\Enemy.cpp(2487,33): warning C4244: '引数': 'double' から 'int' への変換です。データが失われる可能性があります。
D:\PackMan3-4a\2022_summerAteam\Enemy.cpp(2487,23): warning C4244: '引数': 'float' から 'int' への変換です。データが失われる可能性があります。
D:\PackMan3-4a\2022_summerAteam\Enemy.cpp(2487,15): warning C4244: '引数': 'float' から 'int' への変換です。データが失われる可能性があります。
D:\PackMan3-4a\2022_summerAteam\Enemy.cpp(2818,13): warning C4244: '=': 'double' から 'float' への変換です。データが失われる可能性があります。
D:\PackMan3-4a\2022_summerAteam\Enemy.cpp(2820,13): warning C4244: '=': 'double' から 'float' への変換です。データが失われる可能性があります。
D:\PackMan3-4a\2022_summerAteam\Enemy.cpp(2827,49): warning C4244: '引数': 'double' から 'int' への変換です。データが失われる可能性があります。
D:\PackMan3-4a\2022_summerAteam\Enemy.cpp(2827,39): warning C4244: '引数': 'double' から 'int' への変換です。データが失われる可能性があります。
D:\PackMan3-4a\2022_summerAteam\Enemy.cpp(3213,13): warning C4244: '=': 'double' から 'float' への変換です。データが失われる可能性があります。
D:\PackMan3-4a\2022_summerAteam\Enemy.cpp(3215,13): warning C4244: '=': 'double' から 'float' への変換です。データが失われる可能性があります。
D:\PackMan3-4a\2022_summerAteam\Enemy.cpp(3222,43): warning C4244: '引数': 'double' から 'int' への変換です。データが失われる可能性があります。
D:\PackMan3-4a\2022_summerAteam\Enemy.cpp(3222,33): warning C4244: '引数': 'double' から 'int' への変換です。データが失われる可能性があります。
D:\PackMan3-4a\2022_summerAteam\Enemy.cpp(3222,23): warning C4244: '引数': 'float' から 'int' への変換です。データが失われる可能性があります。
D:\PackMan3-4a\2022_summerAteam\Enemy.cpp(3222,15): warning C4244: '引数': 'float' から 'int' への変換です。データが失われる可能性があります。
D:\PackMan3-4a\2022_summerAteam\Enemy.cpp(3553,13): warning C4244: '=': 'double' から 'float' への変換です。データが失われる可能性があります。
D:\PackMan3-4a\2022_summerAteam\Enemy.cpp(3555,13): warning C4244: '=': 'double' から 'float' への変換です。データが失われる可能性があります。
D:\PackMan3-4a\2022_summerAteam\Enemy.cpp(3562,49): warning C4244: '引数': 'double' から 'int' への変換です。データが失われる可能性があります。
D:\PackMan3-4a\2022_summerAteam\Enemy.cpp(3562,39): warning C4244: '引数': 'double' から 'int' への変換です。データが失われる可能性があります。
  2022_summerAteam.vcxproj -> D:\PackMan3-4a\2022_summerAteam\Debug\2022_summerAteam.exe
