c:\users\kbc12006064\documents\2022_summerateam\2022_summerateam\debug\vc142.pdb
c:\users\kbc12006064\documents\2022_summerateam\2022_summerateam\debug\vc142.idb
c:\users\kbc12006064\documents\2022_summerateam\2022_summerateam\debug\scenemgr.obj
c:\users\kbc12006064\documents\2022_summerateam\2022_summerateam\debug\player.obj
c:\users\kbc12006064\documents\2022_summerateam\2022_summerateam\debug\menu.obj
c:\users\kbc12006064\documents\2022_summerateam\2022_summerateam\debug\main.obj
c:\users\kbc12006064\documents\2022_summerateam\2022_summerateam\debug\item.obj
c:\users\kbc12006064\documents\2022_summerateam\2022_summerateam\debug\input.obj
c:\users\kbc12006064\documents\2022_summerateam\2022_summerateam\debug\game.obj
c:\users\kbc12006064\documents\2022_summerateam\2022_summerateam\debug\enemy.obj
c:\users\kbc12006064\documents\2022_summerateam\2022_summerateam\debug\config.obj
c:\users\kbc12006064\documents\2022_summerateam\2022_summerateam\debug\2022_summerateam.exe
c:\users\kbc12006064\documents\2022_summerateam\2022_summerateam\debug\2022_summerateam.ilk
c:\users\kbc12006064\documents\2022_summerateam\2022_summerateam\debug\2022_summerateam.pdb
c:\users\kbc12006064\documents\2022_summerateam\2022_summerateam\debug\2022_summerateam.tlog\cl.command.1.tlog
c:\users\kbc12006064\documents\2022_summerateam\2022_summerateam\debug\2022_summerateam.tlog\cl.read.1.tlog
c:\users\kbc12006064\documents\2022_summerateam\2022_summerateam\debug\2022_summerateam.tlog\cl.write.1.tlog
c:\users\kbc12006064\documents\2022_summerateam\2022_summerateam\debug\2022_summerateam.tlog\link.command.1.tlog
c:\users\kbc12006064\documents\2022_summerateam\2022_summerateam\debug\2022_summerateam.tlog\link.read.1.tlog
c:\users\kbc12006064\documents\2022_summerateam\2022_summerateam\debug\2022_summerateam.tlog\link.write.1.tlog
